<?xml version="1.0" encoding="UTF-8"?>
<!-- Generated by org.testng.reporters.JUnitReportReporter -->
<testsuite hostname="Lohith" failures="0" tests="1" name="com.github.SDET.GitHub.SmokeTest" time="0.013" errors="0" timestamp="2021-12-15T11:34:43 IST" skipped="0">
  <testcase classname="com.github.SDET.GitHub.SmokeTest" name="smokeTest" time="0.013"/>
  <system-out/>
</testsuite> <!-- com.github.SDET.GitHub.SmokeTest -->
