<?xml version="1.0" encoding="UTF-8"?>
<!-- Generated by org.testng.reporters.JUnitReportReporter -->
<testsuite hostname="Lohith" failures="0" tests="1" name="com.github.SDET.GitHub.ReadDataTest" time="0.012" errors="0" timestamp="2021-12-15T11:28:51 IST" skipped="0">
  <testcase classname="com.github.SDET.GitHub.ReadDataTest" name="readDataTest" time="0.012"/>
  <system-out/>
</testsuite> <!-- com.github.SDET.GitHub.ReadDataTest -->
