<?xml version="1.0" encoding="UTF-8"?>
<!-- Generated by org.testng.reporters.JUnitReportReporter -->
<testsuite hostname="Lohith" failures="0" tests="1" name="com.github.SDET.GitHub.SmokeTest" time="0.020" errors="0" timestamp="2021-12-15T10:44:31 IST" skipped="0">
  <testcase classname="com.github.SDET.GitHub.SmokeTest" name="readDataTest" time="0.020"/>
  <system-out/>
</testsuite> <!-- com.github.SDET.GitHub.SmokeTest -->
