<?xml version="1.0" encoding="UTF-8"?>
<!-- Generated by org.testng.reporters.JUnitReportReporter -->
<testsuite hostname="Lohith" failures="0" tests="1" name="com.github.SDET.GitHub.Regression" time="0.013" errors="0" timestamp="2021-12-15T12:47:14 IST" skipped="0">
  <testcase classname="com.github.SDET.GitHub.Regression" name="smokeTest" time="0.013"/>
  <system-out/>
</testsuite> <!-- com.github.SDET.GitHub.Regression -->
